<?xml version="1.0" encoding="UTF-8"?>
<testng-results ignored="0" total="1" passed="1" failed="0" skipped="0">
  <reporter-output>
  </reporter-output>
  <suite started-at="2022-04-13T21:59:43 MDT" name="Default suite" finished-at="2022-04-13T21:59:56 MDT" duration-ms="13806">
    <groups>
    </groups>
    <test started-at="2022-04-13T21:59:43 MDT" name="Default test" finished-at="2022-04-13T21:59:56 MDT" duration-ms="13806">
      <class name="kdf.Application">
        <test-method signature="invalidLogintest()[pri:0, instance:kdf.Application@306e95ec]" started-at="2022-04-13T21:59:43 MDT" name="invalidLogintest" finished-at="2022-04-13T21:59:56 MDT" duration-ms="13763" status="PASS">
          <reporter-output>
          </reporter-output>
        </test-method> <!-- invalidLogintest -->
      </class> <!-- kdf.Application -->
    </test> <!-- Default test -->
  </suite> <!-- Default suite -->
</testng-results>
